info: Hi there: Fri Oct 09 2015 13:17:32 GMT+0200 (CEST) <-- HELOO TEHRE	664	0	0	0	0.6312500000000008	loss

info: Fri Oct 09 2015 13:20:47 GMT+0200 (CEST)	664	1	1	1	1	loss

info: Fri Oct 09 2015 13:21:52 GMT+0200 (CEST)	664	1	1	1	1	loss

info: Fri Oct 09 2015 13:25:47 GMT+0200 (CEST)	670	1	1	1	1	loss

info: Fri Oct 09 2015 13:25:54 GMT+0200 (CEST)	677	1	1	1	1	loss

info: Fri Oct 09 2015 13:25:55 GMT+0200 (CEST)	665	1	1	1	1	loss

info: Fri Oct 09 2015 13:25:55 GMT+0200 (CEST)	656	1	1	1	1	loss

info: Fri Oct 09 2015 13:25:55 GMT+0200 (CEST)	645	1	1	1	1	loss

info: Fri Oct 09 2015 13:25:56 GMT+0200 (CEST)	643	1	1	1	1	loss

info: Fri Oct 09 2015 13:25:56 GMT+0200 (CEST)	636	1	1	1	1	loss

info: Fri Oct 09 2015 13:25:56 GMT+0200 (CEST)	631	1	1	1	1	loss

info: Fri Oct 09 2015 13:25:56 GMT+0200 (CEST)	618	1	1	1	1	loss

info: Fri Oct 09 2015 13:25:56 GMT+0200 (CEST)	617	1	1	1	1	loss

info: Fri Oct 09 2015 13:25:57 GMT+0200 (CEST)	610	1	1	1	1	fun

info: Fri Oct 09 2015 13:25:57 GMT+0200 (CEST)	599	1	1	1	1	fun

info: Fri Oct 09 2015 13:25:57 GMT+0200 (CEST)	614	1	1	1	1	fun

info: Fri Oct 09 2015 13:25:57 GMT+0200 (CEST)	621	1	1	1	1	loss

info: Fri Oct 09 2015 13:25:58 GMT+0200 (CEST)	626	1	1	1	1	loss

info: Fri Oct 09 2015 13:25:58 GMT+0200 (CEST)	639	1	1	1	1	loss

info: Fri Oct 09 2015 13:25:58 GMT+0200 (CEST)	644	1	1	1	1	loss

info: Fri Oct 09 2015 13:25:58 GMT+0200 (CEST)	648	1	1	1	1	loss

info: Fri Oct 09 2015 13:25:58 GMT+0200 (CEST)	652	1	1	1	1	loss

info: Fri Oct 09 2015 13:25:58 GMT+0200 (CEST)	655	1	1	1	1	loss

info: Fri Oct 09 2015 13:25:59 GMT+0200 (CEST)	667	1	1	1	1	loss

info: Fri Oct 09 2015 13:25:59 GMT+0200 (CEST)	672	1	1	1	1	loss

info: Fri Oct 09 2015 13:26:04 GMT+0200 (CEST)	673	1	1	1	1	loss

info: Fri Oct 09 2015 13:26:17 GMT+0200 (CEST)	671	1	1	1	1	loss

info: Fri Oct 09 2015 13:26:18 GMT+0200 (CEST)	670	1	1	1	1	loss

info: Fri Oct 09 2015 13:26:18 GMT+0200 (CEST)	665	1	1	1	1	loss

info: Fri Oct 09 2015 13:26:18 GMT+0200 (CEST)	663	1	1	1	1	loss

info: Fri Oct 09 2015 13:26:18 GMT+0200 (CEST)	660	1	1	1	1	loss

info: Fri Oct 09 2015 13:26:18 GMT+0200 (CEST)	656	1	1	1	1	loss

info: Fri Oct 09 2015 13:26:18 GMT+0200 (CEST)	647	1	1	1	1	loss

info: Fri Oct 09 2015 13:26:18 GMT+0200 (CEST)	643	1	1	1	1	loss

info: Fri Oct 09 2015 13:26:18 GMT+0200 (CEST)	634	1	1	1	1	loss

info: Fri Oct 09 2015 13:26:19 GMT+0200 (CEST)	630	1	1	1	1	loss

info: Fri Oct 09 2015 13:26:19 GMT+0200 (CEST)	619	1	1	1	1	loss

info: Fri Oct 09 2015 13:26:19 GMT+0200 (CEST)	607	1	1	1	1	fun

info: Fri Oct 09 2015 13:26:23 GMT+0200 (CEST)	593	1	1	1	1	fun

info: Fri Oct 09 2015 13:26:23 GMT+0200 (CEST)	584	1	1	1	1	fun

info: Fri Oct 09 2015 13:26:27 GMT+0200 (CEST)	581	1	1	1	1	fun

info: Fri Oct 09 2015 13:26:27 GMT+0200 (CEST)	567	1	1	1	1	fun

info: Fri Oct 09 2015 13:26:30 GMT+0200 (CEST)	558	1	1	1	1	fun

info: 1444390118887	558	1	1	1	1	fun
info: 1444390124038	544	1	1	1	1	fun
info: 1444390124276	542	1	1	1	1	fun
info: 1444390130099	543	1	1	1	1	fun
info: 1444390130602	558	1	1	1	1	fun
info: 1444390130684	562	1	1	1	1	fun
info: 1444390130838	577	1	1	1	1	fun
info: 1444390130853	583	1	1	1	1	fun
info: 1444390130934	598	1	1	1	1	fun
info: 1444390131020	613	1	1	1	1	fun
info: 1444390131102	617	1	1	1	1	loss
info: 1444390131327	620	1	1	1	1	loss
info: 1444390131331	626	1	1	1	1	loss
info: 1444390131353	630	1	1	1	1	loss
info: 1444390131435	631	1	1	1	1	loss
info: 1444390131519	636	1	1	1	1	loss
info: 1444390131641	637	1	1	1	1	loss
info: 1444390131906	646	1	1	1	1	loss
info: 1444390132043	661	1	1	1	1	loss
info: 1444390136069	671	1	1	1	1	loss
info: 1444390136306	682	1	1	1	1	loss
info: 1444390136474	686	1	1	1	1	loss
info: 1444390136636	696	1	1	1	1	loss
info: 1444390205855	696	1	1	1	1	loss
info: 1444390303284	698	1	1	1	1	loss
info: 1444390303891	713	1	1	1	1	loss
info: 1444390304274	727	1	1	1	1	loss
info: 1444390304464	733	1	1	1	1	loss
info: 1444390304625	745	1	1	1	1	loss
info: 1444390304867	747	1	1	1	1	loss
info: 1444390304953	754	1	1	1	1	loss
info: 1444390305121	766	1	1	1	1	loss
info: 1444390305275	776	1	1	1	1	loss
info: 1444390305432	778	1	1	1	1	loss
info: 1444390305594	787	1	1	1	1	loss
info: 1444390305761	801	1	1	1	1	loss
info: 1444390307145	811	1	1	1	1	loss
info: 1444390307323	824	1	1	1	1	FIFA
info: 1444390307476	831	1	1	1	1	FIFA
info: 1444390307712	843	1	1	1	1	FIFA
info: 1444390307818	855	1	1	1	1	FIFA
info: 1444390308251	870	1	1	1	1	FIFA
info: 1444390312234	880	1	1	1	1	FIFA
info: 1444390352208	887	NaN	NaN	NaN	0.2757812500000011	world
info: 1444390451186	875	NaN	NaN	NaN	0.510156250000001	world
info: 1444390451687	872	NaN	NaN	NaN	0.568750000000001	world
info: 1444390451771	864	NaN	NaN	NaN	0.725000000000001	world
info: 1444390451890	860	NaN	NaN	NaN	0.803125000000001	world
info: 1444390451939	845	NaN	NaN	NaN	1	world
info: 1444390452020	835	NaN	NaN	NaN	1	world
info: 1444390452104	828	NaN	NaN	NaN	1	world
info: 1444390452188	822	NaN	NaN	NaN	1	world
info: 1444390452272	818	-Infinity	-Infinity	Infinity	1	loss
info: 1444390452353	817	-Infinity	-Infinity	Infinity	1	loss
info: 1444390452441	808	-Infinity	-Infinity	Infinity	1	loss
info: 1444390452521	806	-Infinity	-Infinity	Infinity	1	loss
info: 1444390452604	801	-Infinity	-Infinity	Infinity	1	loss
info: 1444390452683	796	-Infinity	-Infinity	Infinity	1	loss
info: 1444390452769	786	-Infinity	-Infinity	Infinity	1	loss
info: 1444390452862	779	-Infinity	-Infinity	Infinity	1	loss
info: 1444390452938	775	-Infinity	-Infinity	Infinity	1	loss
info: 1444390453020	763	-Infinity	-Infinity	Infinity	1	loss
info: 1444390453103	762	-Infinity	-Infinity	Infinity	1	loss
info: 1444390453197	750	-Infinity	-Infinity	Infinity	1	loss
info: 1444390453272	739	-Infinity	-Infinity	Infinity	1	loss
info: 1444390453355	724	-Infinity	-Infinity	Infinity	1	loss
info: 1444390453438	716	-Infinity	-Infinity	Infinity	1	loss
info: 1444390453521	708	-Infinity	-Infinity	Infinity	1	loss
info: 1444390453605	697	-Infinity	-Infinity	Infinity	1	loss
info: 1444390453688	693	-Infinity	-Infinity	Infinity	1	loss
info: 1444390453771	687	-Infinity	-Infinity	Infinity	1	loss
info: 1444390453855	686	-Infinity	-Infinity	Infinity	1	loss
info: 1444390453938	672	-Infinity	-Infinity	Infinity	1	loss
info: 1444390454024	671	-Infinity	-Infinity	Infinity	1	loss
info: 1444390454106	666	-Infinity	-Infinity	Infinity	1	loss
info: 1444390454187	659	-Infinity	-Infinity	Infinity	1	loss
info: 1444390454272	647	-Infinity	-Infinity	Infinity	1	loss
info: 1444390454353	645	-Infinity	-Infinity	Infinity	1	loss
info: 1444390454436	638	-Infinity	-Infinity	Infinity	1	loss
info: 1444390454523	632	-Infinity	-Infinity	Infinity	1	loss
info: 1444390454606	628	-Infinity	-Infinity	Infinity	1	loss
info: 1444390454690	624	-Infinity	-Infinity	Infinity	1	loss
info: 1444390454773	612	-Infinity	-Infinity	Infinity	1	fun
info: 1444390454858	605	-Infinity	-Infinity	Infinity	1	fun
info: 1444390454940	601	-Infinity	-Infinity	Infinity	1	fun
info: 1444390455023	595	-Infinity	-Infinity	Infinity	1	fun
info: 1444390455108	583	-Infinity	-Infinity	Infinity	1	fun
info: 1444390455193	579	-Infinity	-Infinity	Infinity	1	fun
info: 1444390455274	566	-Infinity	-Infinity	Infinity	1	fun
info: 1444390455357	565	-Infinity	-Infinity	Infinity	1	fun
info: 1444390455440	555	-Infinity	-Infinity	Infinity	1	fun
info: 1444390455524	548	-Infinity	-Infinity	Infinity	1	fun
info: 1444390455608	543	-Infinity	-Infinity	Infinity	1	fun
info: 1444390455690	534	-Infinity	-Infinity	Infinity	1	fun
info: 1444390455775	530	-Infinity	-Infinity	Infinity	1	fun
info: 1444390456078	519	-Infinity	-Infinity	Infinity	1	fun
info: 1444390456324	504	-Infinity	-Infinity	Infinity	1	fun
info: 1444390456821	502	-Infinity	-Infinity	Infinity	1	fun
info: 1444390456904	488	-Infinity	-Infinity	Infinity	1	fun
info: 1444390456987	474	-Infinity	-Infinity	Infinity	1	fun
info: 1444390457072	472	-Infinity	-Infinity	Infinity	1	fun
info: 1444390457320	465	-Infinity	-Infinity	Infinity	1	fun
info: 1444390457402	460	-Infinity	-Infinity	Infinity	1	fun
info: 1444390457486	450	-Infinity	-Infinity	Infinity	1	fun
info: 1444390457572	443	-Infinity	-Infinity	Infinity	1	fun
info: 1444390457776	441	-Infinity	-Infinity	Infinity	1	fun
info: 1444390457779	427	-Infinity	-Infinity	Infinity	1	fun
info: 1444390457819	421	-Infinity	-Infinity	Infinity	1	fun
info: 1444390457922	408	-Infinity	-Infinity	Infinity	1	syria
info: 1444390457988	404	-Infinity	-Infinity	Infinity	1	syria
info: 1444390458075	402	-Infinity	-Infinity	Infinity	1	syria
info: 1444390458184	401	-Infinity	-Infinity	Infinity	1	syria
info: 1444390458409	391	-Infinity	-Infinity	Infinity	1	syria
info: 1444390458652	390	-Infinity	-Infinity	Infinity	1	syria
info: 1444390458846	383	-Infinity	-Infinity	Infinity	1	syria
info: 1444390458983	377	-Infinity	-Infinity	Infinity	1	syria
info: 1444390459152	362	-Infinity	-Infinity	Infinity	1	syria
info: 1444390459336	358	-Infinity	-Infinity	Infinity	1	syria
info: 1444390459511	343	-Infinity	-Infinity	Infinity	1	syria
info: 1444390459690	338	-Infinity	-Infinity	Infinity	1	syria
info: 1444390459905	333	-Infinity	-Infinity	Infinity	1	syria
info: 1444390468130	345	-Infinity	-Infinity	Infinity	1	syria
info: 1444390468564	357	-Infinity	-Infinity	Infinity	1	syria
info: 1444390468648	359	-Infinity	-Infinity	Infinity	1	syria
info: 1444390468805	363	-Infinity	-Infinity	Infinity	1	syria
info: 1444390468814	364	-Infinity	-Infinity	Infinity	1	syria
info: 1444390468907	371	-Infinity	-Infinity	Infinity	1	syria
info: 1444390468982	372	-Infinity	-Infinity	Infinity	1	syria
info: 1444390469077	382	-Infinity	-Infinity	Infinity	1	syria
info: 1444390469147	386	-Infinity	-Infinity	Infinity	1	syria
info: 1444390469279	398	-Infinity	-Infinity	Infinity	1	syria
info: 1444390469359	399	-Infinity	-Infinity	Infinity	1	syria
info: 1444390469397	409	-Infinity	-Infinity	Infinity	1	syria
info: 1444390469482	422	-Infinity	-Infinity	Infinity	1	fun
info: 1444390469565	426	-Infinity	-Infinity	Infinity	1	fun
info: 1444390469649	433	-Infinity	-Infinity	Infinity	1	fun
info: 1444390469733	444	-Infinity	-Infinity	Infinity	1	fun
info: 1444390469833	449	-Infinity	-Infinity	Infinity	1	fun
info: 1444390470361	445	-Infinity	-Infinity	Infinity	1	fun
info: 1444390470859	435	-Infinity	-Infinity	Infinity	1	fun
info: 1444390470953	421	-Infinity	-Infinity	Infinity	1	fun
info: 1444390471027	412	-Infinity	-Infinity	Infinity	1	fun
info: 1444390471112	408	-Infinity	-Infinity	Infinity	1	syria
info: 1444390471195	404	-Infinity	-Infinity	Infinity	1	syria
info: 1444390471278	398	-Infinity	-Infinity	Infinity	1	syria
info: 1444390471361	386	-Infinity	-Infinity	Infinity	1	syria
info: 1444390474505	380	-Infinity	-Infinity	Infinity	1	syria
info: 1444390475079	372	-Infinity	-Infinity	Infinity	1	syria
info: 1444390475086	362	-Infinity	-Infinity	Infinity	1	syria
info: 1444390475189	351	-Infinity	-Infinity	Infinity	1	syria
info: 1444390475256	346	-Infinity	-Infinity	Infinity	1	syria
info: 1444390475339	337	-Infinity	-Infinity	Infinity	1	syria
info: 1444390475440	329	-Infinity	-Infinity	Infinity	1	syria
info: 1444390857793	329	1	1	1	1	syria
info: 1444390860168	323	1	1	1	1	syria
info: 1444390860751	315	1	1	1	1	syria
info: 1444390861249	307	1	1	1	1	syria
info: 1444390861335	302	1	1	1	1	syria
info: 1444390861415	297	1	1	1	1	syria
info: 1444390861522	290	1	1	1	1	syria
info: 1444390861585	287	1	1	1	1	syria
info: 1444390861666	278	1	1	1	1	syria
info: 1444390861751	271	1	1	1	1	syria
info: 1444390861834	267	1	1	1	1	syria
info: 1444390933027	35	1	1	1	1	london
info: 1444391203059	35	Infinity	Infinity	Infinity	1	london
info: 1444391211480	38	Infinity	Infinity	Infinity	1	london
info: 1444391211981	41	Infinity	Infinity	Infinity	1	london
info: 1444391212063	53	Infinity	Infinity	Infinity	1	london
info: 1444391212147	56	Infinity	Infinity	Infinity	1	london
info: 1444391212229	67	Infinity	Infinity	Infinity	1	london
info: 1444391212313	82	Infinity	Infinity	Infinity	1	london
info: 1444391212399	93	Infinity	Infinity	Infinity	1	london
info: 1444391212480	104	Infinity	Infinity	Infinity	1	london
info: 1444391212567	108	Infinity	Infinity	Infinity	1	london
info: 1444391349650	115	Infinity	Infinity	Infinity	1	london
info: 1444391353912	119	Infinity	Infinity	Infinity	1	london
info: 1444391357968	125	Infinity	Infinity	Infinity	1	london
info: 1444391358469	134	Infinity	Infinity	Infinity	1	london
info: 1444391358550	137	Infinity	Infinity	Infinity	1	london
info: 1444391358635	152	Infinity	Infinity	Infinity	1	london
info: 1444391358720	166	Infinity	Infinity	Infinity	1	london
info: 1444391358801	170	Infinity	Infinity	Infinity	1	london
info: 1444391358882	173	Infinity	Infinity	Infinity	1	london
info: 1444391358968	182	Infinity	Infinity	Infinity	1	london
info: 1444391359054	185	Infinity	Infinity	Infinity	1	london
info: 1444391359137	191	Infinity	Infinity	Infinity	1	london
info: 1444391359223	193	Infinity	Infinity	Infinity	1	london
info: 1444391359304	196	Infinity	Infinity	Infinity	1	london
info: 1444391359389	199	Infinity	Infinity	Infinity	1	london
info: 1444391359474	200	Infinity	Infinity	Infinity	1	london
info: 1444391359555	210	NaN	NaN	NaN	1	trash
info: 1444391359640	222	NaN	NaN	NaN	1	trash
info: 1444391359724	230	NaN	NaN	NaN	1	trash
info: 1444391359807	238	NaN	NaN	NaN	0.9515625000000002	trash
info: 1444391359886	250	NaN	NaN	NaN	0.7171875000000003	trash
info: 1444391359971	258	NaN	NaN	NaN	0.5609375000000003	trash
info: 1444391360056	261	NaN	NaN	NaN	0.5023437500000003	trash
info: 1444391360384	263	NaN	NaN	NaN	0.4632812500000004	trash
info: 1444391389379	272	NaN	NaN	NaN	0.2875000000000004	trash
info: 1444391582927	318	1	1	1	1	syria
info: 1444391588122	325	1	1	1	1	syria
info: 1444391588619	329	1	1	1	1	syria
info: 1444391588704	331	1	1	1	1	syria
info: 1444391588785	333	1	1	1	1	syria
info: 1444391588867	339	1	1	1	1	syria
info: 1444391588953	347	1	1	1	1	syria
info: 1444391589037	358	1	1	1	1	syria
info: 1444391594237	368	1	1	1	1	syria
info: 1444391594738	382	1	1	1	1	syria
info: 1444391594823	384	1	1	1	1	syria
info: 1444391594906	391	1	1	1	1	syria
info: 1444391594988	393	1	1	1	1	syria
info: 1444391595072	402	1	1	1	1	syria
info: 1444391595155	411	1	1	1	1	fun
info: 1444391595242	415	1	1	1	1	fun
info: 1444391595324	429	1	1	1	1	fun
info: 1444391595407	438	1	1	1	1	fun
info: 1444391595491	448	1	1	1	1	fun
info: 1444391598824	462	1	1	1	1	fun
info: 1444391602093	466	1	1	1	1	fun
info: 1444391602368	478	1	1	1	1	fun
info: 1444391609005	493	1	1	1	1	fun
info: 1444391609506	507	1	1	1	1	fun
info: 1444391609590	520	1	1	1	1	fun
info: 1444391609673	531	1	1	1	1	fun
info: 1444391615086	541	1	1	1	1	fun
info: 1444391615586	543	1	1	1	1	fun
info: 1444391615670	548	1	1	1	1	fun
info: 1444391615754	560	1	1	1	1	fun
info: 1444391615837	568	1	1	1	1	fun
info: 1444391615920	579	1	1	1	1	fun
info: 1444391616011	581	1	1	1	1	fun
info: 1444391616088	588	1	1	1	1	fun
info: 1444391616173	600	1	1	1	1	fun
info: 1444391616255	601	1	1	1	1	fun
info: 1444391616341	611	1	1	1	1	fun
info: 1444391616421	622	1	1	1	1	loss
info: 1444391616505	632	1	1	1	1	loss
info: 1444391616589	638	1	1	1	1	loss
info: 1444391616672	653	1	1	1	1	loss
info: 1444391616756	657	1	1	1	1	loss
info: 1444391616836	663	1	1	1	1	loss
info: 1444391616923	668	1	1	1	1	loss
info: 1444391617326	679	1	1	1	1	loss
info: 1444391617582	691	1	1	1	1	loss
info: 1444391617774	701	1	1	1	1	loss
info: 1444391621516	695	1	1	1	1	loss
info: 1444391622019	687	1	1	1	1	loss
info: 1444391622101	686	1	1	1	1	loss
info: 1444391622183	685	1	1	1	1	loss
info: 1444391622269	681	1	1	1	1	loss
info: 1444391622353	674	1	1	1	1	loss
info: 1444391622436	667	1	1	1	1	loss
info: 1444391622520	665	1	1	1	1	loss
info: 1444391622604	662	1	1	1	1	loss
info: 1444391622687	659	1	1	1	1	loss
info: 1444391622772	654	1	1	1	1	loss
info: 1444391622854	653	1	1	1	1	loss
info: 1444391622937	639	1	1	1	1	loss
info: 1444391623021	627	1	1	1	1	loss
info: 1444391623104	615	1	1	1	1	loss
info: 1444391623188	607	1	1	1	1	fun
info: 1444391623271	597	1	1	1	1	fun
info: 1444391623353	584	1	1	1	1	fun
info: 1444391623441	583	1	1	1	1	fun
info: 1444391623679	574	1	1	1	1	fun
info: 1444391623862	567	1	1	1	1	fun
info: 1444391624023	565	1	1	1	1	fun
info: 1444391624174	560	1	1	1	1	fun
info: 1444391624390	557	1	1	1	1	fun
info: 1444391624783	544	1	1	1	1	fun
info: 1444391721166	549	0	1	1	0.32265624999999953	fifa
info: 1444391724696	561	0	1	1	0.5570312499999994	fifa
info: 1444391725197	569	0	1	1	0.7132812499999994	fifa
info: 1444391725281	570	0	1	1	0.7328124999999994	fifa
info: 1444391725363	581	0	1	1	0.9476562499999993	fifa
info: 1444391725447	595	0	1	1	1	fifa
info: 1444391725532	603	0	1	1	1	fifa
info: 1444391725615	617	0.19124639972892085	-0.009974849572836899	1.9976487128520863	1	loss
info: 1444391725698	631	0.19124639972892085	-0.009974849572836899	1.9976487128520863	1	loss
info: 1444391725781	637	0.19124639972892085	-0.009974849572836899	1.9976487128520863	1	loss
info: 1444391725867	641	0.19124639972892085	-0.009974849572836899	1.9976487128520863	1	loss
info: 1444391725948	643	0.19124639972892085	-0.009974849572836899	1.9976487128520863	1	loss
info: 1444391726187	644	0.19124639972892085	-0.009974849572836899	1.9976487128520863	1	loss
info: 1444391726360	649	0.19124639972892085	-0.009974849572836899	1.9976487128520863	1	loss
info: 1444391726528	651	0.19124639972892085	-0.009974849572836899	1.9976487128520863	1	loss
info: 1444391726690	652	0.19124639972892085	-0.009974849572836899	1.9976487128520863	1	loss
info: 1444391726842	654	0.19124639972892085	-0.009974849572836899	1.9976487128520863	1	loss
info: 1444391727003	666	0.19124639972892085	-0.009974849572836899	1.9976487128520863	1	loss
info: 1444391727155	680	0.19124639972892085	-0.009974849572836899	1.9976487128520863	1	loss
info: 1444391727305	681	0.19124639972892085	-0.009974849572836899	1.9976487128520863	1	loss
info: 1444391727456	689	0.19124639972892085	-0.009974849572836899	1.9976487128520863	1	loss
info: 1444391727625	693	0.19124639972892085	-0.009974849572836899	1.9976487128520863	1	loss
info: 1444391778822	708	0	0.35277740799757074	0	0	loss
info: 1444391779358	720	0	0.35277740799757074	0	0	loss
info: 1444391797621	725	0.06754007901962095	0	0.7101166587030853	0	grief
info: 1444391801956	734	0.06754007901962095	0	0.7101166587030853	0	grief
info: 1444391802132	738	0.06754007901962095	0	0.7101166587030853	0.014062499999999417	grief
info: 1444391802300	746	0.06754007901962095	0	0.7101166587030853	0.17031249999999937	grief
info: 1444391802453	756	0.06754007901962095	0	0.7101166587030853	0.3656249999999993	grief
info: 1444391802610	762	0.06754007901962095	0	0.7101166587030853	0.48281249999999926	grief
info: 1444391802756	766	0.06754007901962095	0	0.7101166587030853	0.5609374999999992	grief
info: 1444391802916	774	0.06754007901962095	0	0.7101166587030853	0.7171874999999992	grief
info: 1444391803078	787	0.06754007901962095	0	0.7101166587030853	0.9710937499999991	grief
info: 1444391803221	793	0.06754007901962095	0	0.7101166587030853	1	grief
info: 1444391803373	801	0.06754007901962095	0	0.7101166587030853	1	grief
info: 1444391803525	808	0.06754007901962095	0	0.7101166587030853	1	grief
info: 1444391803684	813	0.06754007901962095	0	0.7101166587030853	1	grief
info: 1444391803834	817	0.06754007901962095	0	0.7101166587030853	1	grief
info: 1444391803980	829	0.46458394160583943	0.14292045660485533	1.2700536776439866	1	FIFA
info: 1444391804132	830	0.46458394160583943	0.14292045660485533	1.2700536776439866	1	FIFA
info: 1444391804294	842	0.46458394160583943	0.14292045660485533	1.2700536776439866	1	FIFA
info: 1444391804444	854	0.46458394160583943	0.14292045660485533	1.2700536776439866	1	FIFA
info: 1444391804611	857	0.46458394160583943	0.14292045660485533	1.2700536776439866	1	FIFA
info: 1444391804780	872	0.46458394160583943	0.14292045660485533	1.2700536776439866	1	FIFA
info: 1444391804942	878	0.46458394160583943	0.14292045660485533	1.2700536776439866	1	FIFA
info: 1444391805109	879	0.46458394160583943	0.14292045660485533	1.2700536776439866	1	FIFA
info: 1444391812399	887	0.46458394160583943	0.14292045660485533	1.2700536776439866	1	FIFA
info: 1444391812561	897	0.46458394160583943	0.14292045660485533	1.2700536776439866	1	FIFA
info: 1444391812718	898	0.46458394160583943	0.14292045660485533	1.2700536776439866	1	FIFA
info: 1444391812863	907	0.46458394160583943	0.14292045660485533	1.2700536776439866	1	FIFA
info: 1444392027977	907	0.31089858122222874	0.023937413254898867	0.5154118384447377	0	FIFA
info: 1444392031686	922	0.31089858122222874	0.023937413254898867	0.5154118384447377	0	FIFA
info: 1444392035096	936	0.31089858122222874	0.023937413254898867	0.5154118384447377	0	FIFA
info: 1444392035988	937	0.31089858122222874	0.023937413254898867	0.5154118384447377	0	FIFA
info: 1444392039404	939	0.31089858122222874	0.023937413254898867	0.5154118384447377	0	FIFA
info: 1444392040323	951	0.31089858122222874	0.023937413254898867	0.5154118384447377	0.17421874999999915	FIFA
info: 1444392041243	953	0.31089858122222874	0.023937413254898867	0.5154118384447377	0.21328124999999912	FIFA
info: 1444392041940	962	0.31089858122222874	0.023937413254898867	0.5154118384447377	0.3890624999999991	FIFA
info: 1444392042331	969	0.31089858122222874	0.023937413254898867	0.5154118384447377	0.525781249999999	FIFA
info: 1444392042932	977	0.31089858122222874	0.023937413254898867	0.5154118384447377	0.682031249999999	FIFA
info: 1444392047301	986	0.31089858122222874	0.023937413254898867	0.5154118384447377	0.8578124999999989	FIFA
info: 1444392047700	997	0.31089858122222874	0.023937413254898867	0.5154118384447377	1	FIFA
info: 1444392048019	1006	0.31089858122222874	0.023937413254898867	0.5154118384447377	1	FIFA
info: 1444392048347	1014	0.31089858122222874	0.023937413254898867	0.5154118384447377	1	FIFA
info: 1444392205066	1022	0.31089858122222874	0.023937413254898867	0.5154118384447377	1	FIFA
info: 1444392205706	1013	0.31089858122222874	0.023937413254898867	0.5154118384447377	1	FIFA
info: 1444392206664	1005	0.31089858122222874	0.023937413254898867	0.5154118384447377	1	FIFA
info: 1444392207164	1002	0.31089858122222874	0.023937413254898867	0.5154118384447377	1	FIFA
info: 1444392207482	1001	0.31089858122222874	0.023937413254898867	0.5154118384447377	1	FIFA
info: 1444392207970	993	0.31089858122222874	0.023937413254898867	0.5154118384447377	0.9945312499999989	FIFA
info: 1444392208195	987	0.31089858122222874	0.023937413254898867	0.5154118384447377	0.8773437499999989	FIFA
info: 1444392208370	973	0.31089858122222874	0.023937413254898867	0.5154118384447377	0.603906249999999	FIFA
info: 1444392208539	965	0.31089858122222874	0.023937413254898867	0.5154118384447377	0.44765624999999903	FIFA
info: 1444392405306	952	0.31089858122222874	0.023937413254898867	0.5154118384447377	0.19374999999999915	FIFA
info: 1444392405707	939	0.31089858122222874	0.023937413254898867	0.5154118384447377	0	FIFA
info: 1444392406209	935	0.31089858122222874	0.023937413254898867	0.5154118384447377	0	FIFA
info: 1444392406292	932	0.31089858122222874	0.023937413254898867	0.5154118384447377	0	FIFA
info: 1444392406374	922	0.31089858122222874	0.023937413254898867	0.5154118384447377	0	FIFA
info: 1444392407273	907	0.31089858122222874	0.023937413254898867	0.5154118384447377	0	FIFA
info: 1444392465723	907	0.31509490488809705	0.023523243753897256	0.5360547812907164	0	FIFA
info: 1444392475348	903	0.42690610205098917	-0.01220345699822177	0.671193833959545	1	hello
info: 1444392475847	896	0.42690610205098917	-0.01220345699822177	0.671193833959545	1	hello
info: 1444392475930	891	0.42690610205098917	-0.01220345699822177	0.671193833959545	1	hello
info: 1444392476017	887	0.42690610205098917	-0.01220345699822177	0.671193833959545	1	hello
info: 1444392476098	881	0.42690610205098917	-0.01220345699822177	0.671193833959545	1	hello
info: 1444392476181	870	0.42690610205098917	-0.01220345699822177	0.671193833959545	1	hello
info: 1444392476268	867	0.9193587880265973	0	0.38711023587046545	0.666406250000001	hello
info: 1444392476348	854	0.9193587880265973	0	0.38711023587046545	0.9203125000000009	hello
info: 1444392476431	843	0.9193587880265973	0	0.38711023587046545	1	hello
info: 1444392476526	836	0.9193587880265973	0	0.38711023587046545	1	hello
info: 1444392476600	831	0.9193587880265973	0	0.38711023587046545	1	hello
info: 1444392476681	820	0.9193587880265973	0	0.38711023587046545	1	hello
info: 1444392476765	809	0	0.011645820452249288	0	1	loss
info: 1444392476848	807	0	0.011645820452249288	0	1	loss
info: 1444392483414	796	0	0.011645820452249288	0	1	loss
info: 1444392483806	782	0	0.011645820452249288	0	0.8734374999999991	loss
info: 1444392484197	774	0	0.011645820452249288	0	0.7171874999999992	loss
info: 1444392484389	772	0	0.011645820452249288	0	0.6781249999999992	loss
info: 1444392484613	767	0	0.011645820452249288	0	0.5804687499999992	loss
info: 1444392484844	753	0	0.011645820452249288	0	0.3070312499999993	loss
info: 1444392677672	753	0	0	0	0.3070312499999993	loss
info: 1444393032452	745	0	0	0	0.15078124999999937	loss
info: 1444393455139	745	0	0	0	0.15078124999999937	loss
info: 1444393458613	742	0	0	0	0.0921874999999994	loss
info: 1444393459053	732	0	0	0	0	loss
info: 1444393459758	743	0	0	0	0.11171874999999938	loss
info: 1444393460179	744	0	0	0	0.13124999999999937	loss
info: 1444393460844	756	0	0	0	0.3656249999999993	loss
info: 1444393461265	754	0	0	0	0.3265624999999993	loss
info: 1444393552305	743	0	0	0	0.11171874999999938	loss
info: 1444393552692	749	0	0	0	0.22890624999999934	loss
info: 1444393557134	735	0	0	0	0	loss
info: 1444393557648	748	0	0	0	0.20937499999999934	loss
info: 1444393557902	734	0	0	0	0	loss
info: 1444393558133	738	0	0	0	0.014062499999999417	loss
info: 1444393558278	730	0	0	0	0	loss
info: 1444393558476	732	0	0	0	0	loss
info: 1444393558543	723	0	0	0	0	loss
info: 1444393558811	710	0	0	0	0	loss
info: 1444393559305	696	0	0	0	0.006250000000000977	loss
info: 1444393559390	688	0	0	0	0.16250000000000098	loss
info: 1444393559474	679	0	0	0	0.33828125000000087	loss
info: 1444393559662	682	0	0	0	0.27968750000000087	loss
info: 1444393560162	694	0	0	0	0.04531250000000098	loss
info: 1444393560245	699	0	0	0	0	loss
info: 1444393566686	695	0	0	0	0.025781250000000977	loss
info: 1444393567255	700	0	0	0	0	loss
info: 1444393567582	693	0	0	0	0.06484375000000098	loss
info: 1444393567881	707	0	0	0	0	loss
info: 1444393568069	702	0	0	0	0	loss
info: 1444393568244	704	0	0	0	0	loss
info: 1444393568293	694	0	0	0	0.04531250000000098	loss
info: 1444393568429	709	0	0	0	0	loss
info: 1444393568493	702	0	0	0	0	loss
info: 1444393568679	693	0	0	0	0.06484375000000098	loss
info: 1444393568902	687	0	0	0	0.18203125000000087	loss
info: 1444393677350	691	0	0	0	0.10390625000000098	loss
info: 1444393677682	693	0	0	0	0.06484375000000098	loss
info: 1444393677898	690	0	0	0	0.12343750000000098	loss
info: 1444393678115	680	0	0	0	0.31875000000000087	loss
info: 1444393678362	687	0	0	0	0.18203125000000087	loss
info: 1444393678514	678	0	0	0	0.35781250000000087	loss
info: 1444393678924	676	0	0	0	0.39687500000000087	loss
info: 1444393679274	684	0	0	0	0.24062500000000087	loss
info: 1444393679451	693	0	0	0	0.06484375000000098	loss
info: 1444393679833	703	0	0	0	0	loss
info: 1444393680220	695	0	0	0	0.025781250000000977	loss
info: 1444393680441	687	0	0	0	0.18203125000000087	loss
info: 1444393716076	675	0	0	0	0.41640625000000087	loss
info: 1444393716853	685	0	0	0	0.22109375000000087	loss
info: 1444393717164	672	0	0	0	0.47500000000000087	loss
info: 1444393717476	666	0	0	0	0.5921875000000008	loss
info: 1444393717883	662	0	0	0	0.6703125000000008	loss
info: 1444393718243	660	0	0	0	0.7093750000000008	loss
info: 1444393721230	671	0	0	0	0.49453125000000087	loss
info: 1444393721437	679	0	0	0	0.33828125000000087	loss
info: 1444393721596	689	0	0	0	0.14296875000000098	loss
info: 1444393744403	702	0.9164670943659272	0	0.4375154323354727	0	hello
info: 1444393745884	700	0.9164670943659272	0	0.4375154323354727	0	hello
info: 1444393746620	708	0.9164670943659272	0	0.4375154323354727	0	hello
info: 1444393747165	696	0.9164670943659272	0	0.4375154323354727	0.006250000000000977	hello
info: 1444393747958	706	0.9164670943659272	0	0.4375154323354727	0	hello
info: 1444393748428	710	0.9164670943659272	0	0.4375154323354727	0	hello
info: 1444394783249	710	0	0	0	0	loss
info: 1444394804846	703	0	0	0	0	loss
info: 1444394805197	702	0	0	0	0	loss
info: 1444394805697	687	0	0	0	0.18203125000000087	loss
info: 1444394805781	682	0	0	0	0.27968750000000087	loss
info: 1444394805864	678	0	0	0	0.35781250000000087	loss
info: 1444394805947	669	0	0	0	0.5335937500000008	loss
info: 1444394806034	656	0	0	0	0.7875000000000008	loss
info: 1444394806114	643	0	0	0	1	loss
info: 1444394806196	636	0	0	0	1	loss
info: 1444394806280	621	0	0	0	1	loss
info: 1444394806367	620	0	0	0	1	loss
info: 1444394806446	618	0	0	0	1	loss
info: 1444394806530	609	1	0.12088987068778029	0.3764203564747354	1	fun
info: 1444394806857	605	1	0.12088987068778029	0.3764203564747354	1	fun
info: 1444394807030	604	1	0.12088987068778029	0.3764203564747354	1	fun
info: 1444394874628	591	1	0.12088987068778029	0.3764203564747354	1	fun
info: 1444394875119	590	1	0.12088987068778029	0.3764203564747354	1	fun
info: 1444394875285	587	1	0.12088987068778029	0.3764203564747354	1	fun
info: 1444394875437	576	1	0.12088987068778029	0.3764203564747354	0.8499999999999993	fun
info: 1444394875591	575	1	0.12088987068778029	0.3764203564747354	0.8304687499999994	fun
info: 1444394875741	573	1	0.12088987068778029	0.3764203564747354	0.7914062499999994	fun
info: 1444394875877	565	1	0.12088987068778029	0.3764203564747354	0.6351562499999994	fun
info: 1444395570328	565	1	1	1	1	fun
info: 1444395860101	565	1	0.12331681433956738	0.35963547787212313	0.6351562499999994	fun
info: 1444396040004	565	1	0.12769565072936914	0.36230473085293935	0.6351562499999994	fun
info: 1444396157228	565	1	0.13968657646619467	0.3654264898755205	0.6351562499999994	fun
info: 1444396218343	565	1	1	1	1	fun
info: 1444396398950	565	1	1	1	1	fun
info: 1444396923648	565	1	0.1384955491063257	0.3681627073042021	0.6351562499999994	fun
info: 1444397086381	565	1	0.1401431555859177	0.36830958564365834	0.6351562499999994	fun
info: 1444397471583	565	1	0.14255189999778672	0.3608934319271954	0.6351562499999994	fun
info: 1444397476734	550	1	0.14255189999778672	0.3608934319271954	0.34218749999999953	fun
info: 1444397476986	541	1	0.14255189999778672	0.3608934319271954	0.1664062499999996	fun
info: 1444397477155	534	1	0.14255189999778672	0.3608934319271954	0.029687499999999634	fun
info: 1444397487099	524	0.42888074865405973	-0.021877801391678085	0.6893709833172388	1	hello
info: 1444397487599	521	0.42888074865405973	-0.021877801391678085	0.6893709833172388	1	hello
info: 1444397487681	511	0.42888074865405973	-0.021877801391678085	0.6893709833172388	1	hello
info: 1444397487764	500	0.42888074865405973	-0.021877801391678085	0.6893709833172388	1	hello
info: 1444397487849	491	0.42888074865405973	-0.021877801391678085	0.6893709833172388	1	hello
info: 1444397487931	489	0.42888074865405973	-0.021877801391678085	0.6893709833172388	1	hello
info: 1444397488015	477	0.42888074865405973	-0.021877801391678085	0.6893709833172388	1	hello
info: 1444397488098	462	0.42888074865405973	-0.021877801391678085	0.6893709833172388	1	hello
info: 1444397488182	447	0.42888074865405973	-0.021877801391678085	0.6893709833172388	1	hello
info: 1444397488270	439	0.42888074865405973	-0.021877801391678085	0.6893709833172388	1	hello
info: 1444397488350	434	0.42888074865405973	-0.021877801391678085	0.6893709833172388	1	hello
info: 1444397488432	426	0.42888074865405973	-0.021877801391678085	0.6893709833172388	1	hello
info: 1444397488517	417	0.42888074865405973	-0.021877801391678085	0.6893709833172388	1	hello
info: 1444397488600	415	0.42888074865405973	-0.021877801391678085	0.6893709833172388	1	hello
info: 1444397488684	409	0.21709241111523309	1	1	1	syria
info: 1444397488767	408	0.21709241111523309	1	1	1	syria
info: 1444397488852	399	0.21709241111523309	1	1	1	syria
info: 1444397488936	393	0.21709241111523309	1	1	1	syria
info: 1444397489017	390	0.21709241111523309	1	1	1	syria
info: 1444397489101	381	0.21709241111523309	1	1	1	syria
info: 1444397489185	369	0.21709241111523309	1	1	0.8070312499999996	syria
info: 1444397491721	357	0.21709241111523309	1	1	0.5726562499999996	syria
info: 1444397492222	354	0.21709241111523309	1	1	0.5140624999999996	syria
info: 1444397492304	346	0.21709241111523309	1	1	0.35781249999999976	syria
info: 1444397492390	334	0.21709241111523309	1	1	0.12343749999999983	syria
info: 1444397492473	331	0.21709241111523309	1	1	0.06484374999999984	syria
